c:\users\jontc\desktop\cs\school-tutoring-hw\cs310\github\debug\project.exe
c:\users\jontc\desktop\cs\school-tutoring-hw\cs310\github\debug\project.ilk
c:\users\jontc\desktop\cs\school-tutoring-hw\cs310\github\debug\project.pdb
c:\users\jontc\desktop\cs\school-tutoring-hw\cs310\github\debug\hw05-2.obj
c:\users\jontc\desktop\cs\school-tutoring-hw\cs310\github\debug\addtwo.obj
c:\users\jontc\desktop\cs\school-tutoring-hw\cs310\github\debug\examstudying.obj
c:\users\jontc\desktop\cs\school-tutoring-hw\cs310\github\debug\finalexamstudying.obj
c:\users\jontc\desktop\cs\school-tutoring-hw\cs310\github\debug\hw02.obj
c:\users\jontc\desktop\cs\school-tutoring-hw\cs310\github\debug\hw03.obj
c:\users\jontc\desktop\cs\school-tutoring-hw\cs310\github\debug\hw04-5.obj
c:\users\jontc\desktop\cs\school-tutoring-hw\cs310\github\debug\hw04-tutoring.obj
c:\users\jontc\desktop\cs\school-tutoring-hw\cs310\github\debug\hw04.obj
c:\users\jontc\desktop\cs\school-tutoring-hw\cs310\github\debug\hw05.obj
c:\users\jontc\desktop\cs\school-tutoring-hw\cs310\github\debug\mathdiscuss.obj
c:\users\jontc\desktop\cs\school-tutoring-hw\cs310\github\debug\something.obj
c:\users\jontc\desktop\cs\school-tutoring-hw\cs310\github\debug\test.obj
c:\users\jontc\desktop\cs\school-tutoring-hw\cs310\github\debug\tryout.obj
c:\users\jontc\desktop\cs\school-tutoring-hw\cs310\github\debug\vc142.pdb
c:\users\jontc\desktop\cs\school-tutoring-hw\cs310\github\debug\project.tlog\cl.command.1.tlog
c:\users\jontc\desktop\cs\school-tutoring-hw\cs310\github\debug\project.tlog\link.command.1.tlog
c:\users\jontc\desktop\cs\school-tutoring-hw\cs310\github\debug\project.tlog\link.read.1.tlog
c:\users\jontc\desktop\cs\school-tutoring-hw\cs310\github\debug\project.tlog\link.write.1.tlog
c:\users\jontc\desktop\cs\school-tutoring-hw\cs310\github\debug\project.tlog\masm.read.1u.tlog
c:\users\jontc\desktop\cs\school-tutoring-hw\cs310\github\debug\project.tlog\masm.write.1u.tlog
c:\users\jontc\desktop\cs\school-tutoring-hw\cs310\github\debug\project.tlog\project.write.1u.tlog
